{"/home/eru/unit-testing-jest/src/index.js": {"path":"/home/eru/unit-testing-jest/src/index.js","statementMap":{"0":{"start":{"line":1,"column":15},"end":{"line":7,"column":1}},"1":{"start":{"line":9,"column":21},"end":{"line":12,"column":1}},"2":{"start":{"line":10,"column":16},"end":{"line":10,"column":65}},"3":{"start":{"line":11,"column":1},"end":{"line":11,"column":15}},"4":{"start":{"line":14,"column":23},"end":{"line":22,"column":1}},"5":{"start":{"line":15,"column":1},"end":{"line":21,"column":4}},"6":{"start":{"line":16,"column":2},"end":{"line":20,"column":3}},"7":{"start":{"line":17,"column":3},"end":{"line":17,"column":25}},"8":{"start":{"line":19,"column":3},"end":{"line":19,"column":44}},"9":{"start":{"line":24,"column":0},"end":{"line":24,"column":30}}},"fnMap":{"0":{"name":"(anonymous_0)","decl":{"start":{"line":9,"column":21},"end":{"line":9,"column":22}},"loc":{"start":{"line":9,"column":27},"end":{"line":12,"column":1}},"line":9},"1":{"name":"(anonymous_1)","decl":{"start":{"line":14,"column":23},"end":{"line":14,"column":24}},"loc":{"start":{"line":14,"column":30},"end":{"line":22,"column":1}},"line":14},"2":{"name":"(anonymous_2)","decl":{"start":{"line":15,"column":20},"end":{"line":15,"column":21}},"loc":{"start":{"line":15,"column":41},"end":{"line":21,"column":2}},"line":15}},"branchMap":{"0":{"loc":{"start":{"line":16,"column":2},"end":{"line":20,"column":3}},"type":"if","locations":[{"start":{"line":16,"column":2},"end":{"line":20,"column":3}},{"start":{"line":18,"column":9},"end":{"line":20,"column":3}}],"line":16}},"s":{"0":1,"1":1,"2":2,"3":2,"4":1,"5":0,"6":0,"7":0,"8":0,"9":1},"f":{"0":2,"1":0,"2":0},"b":{"0":[0,0]},"_coverageSchema":"1a1c01bbd47fc00a2c39e90264f33305004495a9","hash":"1d67dbb79bd002c12dfe061abbd273f2e6b93bdb"}
}
